[20210714-15:12:16-419] INFO    main                 o.o.util.Environment.logSystemInfo()                   : openTCS baseline version: 4.20.0-SNAPSHOT (build date: 2021-07-14 15:12:04), customization '-' version - (build date: -), Java: 1.8.0_291, Oracle Corporation; JVM: 25.291-b10, Oracle Corporation; OS: Linux, amd64
[20210714-15:12:16-960] INFO    main                 o.o.c.cfg4j.Cfg4jConfigurationBindingProvider.buildSource(): Using default configuration file /home/sage/openTCS/openTCS-4.20.0-src/openTCS-Kernel/build/install/openTCS-Kernel/./config/opentcs-kernel-defaults-baseline.properties...
[20210714-15:12:16-972] WARNING main                 o.o.c.cfg4j.Cfg4jConfigurationBindingProvider.buildSource(): Supplementary configuration file /home/sage/openTCS/openTCS-4.20.0-src/openTCS-Kernel/build/install/openTCS-Kernel/./config/opentcs-kernel-defaults-custom.properties not found, skipped.
[20210714-15:12:16-973] INFO    main                 o.o.c.cfg4j.Cfg4jConfigurationBindingProvider.buildSource(): Using overrides from supplementary configuration file /home/sage/openTCS/openTCS-4.20.0-src/openTCS-Kernel/build/install/openTCS-Kernel/./config/opentcs-kernel.properties...
[20210714-15:12:16-977] INFO    main                 o.o.c.cfg4j.Cfg4jConfigurationBindingProvider.reloadInterval(): Using configuration reload interval of 10000 ms.
[20210714-15:12:16-979] INFO    main                 o.c.provider.ConfigurationProviderBuilder.build()      : Initializing ConfigurationProvider with org.opentcs.configuration.cfg4j.CachedConfigurationSource source, org.opentcs.configuration.cfg4j.PeriodicalReloadStrategy reload strategy and org.cfg4j.source.context.environment.DefaultEnvironment environment
[20210714-15:12:16-989] INFO    main                 o.o.kernel.RunKernel.findRegisteredModules()           : Integrating injection module org.opentcs.virtualvehicle.LoopbackCommAdapterModule
[20210714-15:12:16-990] INFO    main                 o.o.kernel.RunKernel.findRegisteredModules()           : Integrating injection module org.opentcs.kernel.extensions.adminwebapi.AdminWebApiModule
[20210714-15:12:16-991] INFO    main                 o.o.kernel.RunKernel.findRegisteredModules()           : Integrating injection module org.opentcs.kernel.extensions.servicewebapi.ServiceWebApiModule
[20210714-15:12:16-992] INFO    main                 o.o.kernel.RunKernel.findRegisteredModules()           : Integrating injection module org.opentcs.kernel.extensions.rmi.RmiServicesModule
[20210714-15:12:16-993] INFO    main                 o.o.kernel.RunKernel.findRegisteredModules()           : Integrating injection module org.opentcs.kernel.extensions.statistics.StatisticsModule
[20210714-15:12:16-995] INFO    main                 o.o.kernel.RunKernel.findRegisteredModules()           : Integrating injection module org.opentcs.kernel.extensions.xmlhost.TcpHostInterfaceModule
[20210714-15:12:16-996] INFO    main                 o.o.kernel.RunKernel.findRegisteredModules()           : Integrating injection module org.opentcs.kernel.extensions.controlcenter.ControlCenterModule
[20210714-15:12:17-851] WARNING main                 o.o.k.e.rmi.RmiServicesModule.configure()              : SSL encryption disabled, connections will not be secured!
[20210714-15:12:17-892] INFO    main                 o.o.k.e.controlcenter.ControlCenterModule.configure()  : Control center disabled by configuration.
[20210714-15:12:18-993] INFO    main                 o.o.k.vehicles.VehicleCommAdapterRegistry.<init>()     : Setting up communication adapter factory: org.opentcs.virtualvehicle.LoopbackCommunicationAdapterFactory
[20210714-15:12:18-995] INFO    main                 o.o.k.vehicles.VehicleCommAdapterRegistry.<init>()     : Setting up communication adapter factory: org.opentcs.testvehicle.TestCommAdapterFactory
[20210714-15:12:19-109] INFO    main                 o.o.k.e.rmi.XMLFileUserAccountPersister.loadUserAccounts(): Account data file does not exist, no user accounts available.
[20210714-15:12:19-213] INFO    main                 o.o.kernel.StandardKernel.setState()                   : Switching kernel to state 'MODELLING'
[20210714-15:12:19-341] INFO    Thread-1             o.e.j.u.log.Log.initialized()                          : Logging initialized @4922ms to org.eclipse.jetty.util.log.Slf4jLog
[20210714-15:12:19-654] INFO    Thread-1             s.e.jetty.EmbeddedJettyServer.ignite()                 : == Spark has ignited ...
[20210714-15:12:19-655] INFO    Thread-1             s.e.jetty.EmbeddedJettyServer.ignite()                 : >> Listening on 127.0.0.1:55100
[20210714-15:12:19-664] INFO    Thread-1             o.e.j.server.Server.doStart()                          : jetty-9.4.18.v20190429; built: 2019-04-29T20:42:08.989Z; git: e1bc35120a6617ee3df052294e433f3a25ce7097; jvm 1.8.0_291-b10
[20210714-15:12:19-834] INFO    Thread-1             o.e.j.s.session.DefaultSessionIdManager.doStart()      : DefaultSessionIdManager workerName=node0
[20210714-15:12:19-835] INFO    Thread-1             o.e.j.s.session.DefaultSessionIdManager.doStart()      : No SessionScavenger set, using defaults
[20210714-15:12:19-843] INFO    Thread-1             o.e.j.s.session.HouseKeeper.startScavenging()          : node0 Scavenging every 600000ms
[20210714-15:12:19-912] INFO    Thread-1             o.e.j.server.AbstractConnector.doStart()               : Started ServerConnector@1e6b57e5{HTTP/1.1,[http/1.1]}{127.0.0.1:55100}
[20210714-15:12:19-914] INFO    Thread-1             o.e.j.server.Server.doStart()                          : Started @5503ms
[20210714-15:12:20-432] INFO    main                 o.o.kernel.KernelStarter.startKernel()                 : Loaded model named 'unnamed'.
[20210714-15:12:20-433] INFO    main                 o.o.kernel.StandardKernel.setState()                   : Switching kernel to state 'OPERATING'
[20210714-15:12:20-448] WARNING main                 o.o.k.e.servicewebapi.ServiceWebApi.initialize()       : Encryption disabled, connections will not be secured!
[20210714-15:12:20-450] INFO    Thread-10            s.e.jetty.EmbeddedJettyServer.ignite()                 : == Spark has ignited ...
[20210714-15:12:20-450] INFO    Thread-10            s.e.jetty.EmbeddedJettyServer.ignite()                 : >> Listening on 0.0.0.0:55200
[20210714-15:12:20-450] INFO    Thread-10            o.e.j.server.Server.doStart()                          : jetty-9.4.18.v20190429; built: 2019-04-29T20:42:08.989Z; git: e1bc35120a6617ee3df052294e433f3a25ce7097; jvm 1.8.0_291-b10
[20210714-15:12:20-452] INFO    Thread-10            o.e.j.s.session.DefaultSessionIdManager.doStart()      : DefaultSessionIdManager workerName=node0
[20210714-15:12:20-452] INFO    Thread-10            o.e.j.s.session.DefaultSessionIdManager.doStart()      : No SessionScavenger set, using defaults
[20210714-15:12:20-453] INFO    Thread-10            o.e.j.s.session.HouseKeeper.startScavenging()          : node0 Scavenging every 660000ms
[20210714-15:12:20-455] INFO    Thread-10            o.e.j.server.AbstractConnector.doStart()               : Started ServerConnector@1b1e599c{HTTP/1.1,[http/1.1]}{0.0.0.0:55200}
[20210714-15:12:20-456] INFO    Thread-10            o.e.j.server.Server.doStart()                          : Started @6045ms
[20210714-15:12:20-457] INFO    main                 o.o.k.e.statistics.StatisticsCollector.initialize()    : Logging events to /home/sage/openTCS/openTCS-4.20.0-src/openTCS-Kernel/build/install/openTCS-Kernel/./log/statistics/opentcs-statistics-20210714-151220.txt...
[20210714-15:14:52-577] INFO    Thread-19            s.e.jetty.EmbeddedJettyServer.extinguish()             : >>> Spark shutting down ...
[20210714-15:14:52-607] INFO    kernelExecutor       o.o.k.e.x.orders.XMLTelegramOrderReceiver.terminate()  : Terminating connection listener...
[20210714-15:14:52-609] INFO    xmlOrderConnListener o.o.k.e.x.orders.XMLTelegramOrderReceiver$ConnectionListener.run(): Received termination signal.
[20210714-15:14:52-610] INFO    xmlOrderConnListener o.o.k.e.x.orders.XMLTelegramOrderReceiver$ConnectionListener.run(): Terminated connection listener.
[20210714-15:14:52-611] INFO    kernelExecutor       o.o.k.e.x.orders.XMLTelegramOrderReceiver.terminate()  : Connection listener thread has terminated.
[20210714-15:14:52-791] INFO    Thread-19            o.e.j.server.AbstractConnector.doStop()                : Stopped ServerConnector@1b1e599c{HTTP/1.1,[http/1.1]}{0.0.0.0:55200}
[20210714-15:14:52-791] INFO    Thread-19            o.e.j.s.session.HouseKeeper.stopScavenging()           : node0 Stopped scavenging
[20210714-15:14:52-793] INFO    Thread-19            s.e.jetty.EmbeddedJettyServer.extinguish()             : done
[20210714-15:14:53-114] INFO    kernelExecutor       o.o.kernel.StandardKernel.setState()                   : Switching kernel to state 'MODELLING'
[20210714-15:14:53-507] INFO    kernelExecutor       o.o.kernel.StandardKernel.setState()                   : Switching kernel to state 'OPERATING'
[20210714-15:14:53-807] WARNING kernelExecutor       o.o.k.e.servicewebapi.ServiceWebApi.initialize()       : Encryption disabled, connections will not be secured!
[20210714-15:14:53-809] INFO    Thread-20            s.e.jetty.EmbeddedJettyServer.ignite()                 : == Spark has ignited ...
[20210714-15:14:53-810] INFO    kernelExecutor       o.o.k.e.statistics.StatisticsCollector.initialize()    : Logging events to /home/sage/openTCS/openTCS-4.20.0-src/openTCS-Kernel/build/install/openTCS-Kernel/./log/statistics/opentcs-statistics-20210714-151453.txt...
[20210714-15:14:53-811] INFO    Thread-20            s.e.jetty.EmbeddedJettyServer.ignite()                 : >> Listening on 0.0.0.0:55200
[20210714-15:14:53-813] INFO    Thread-20            o.e.j.server.Server.doStart()                          : jetty-9.4.18.v20190429; built: 2019-04-29T20:42:08.989Z; git: e1bc35120a6617ee3df052294e433f3a25ce7097; jvm 1.8.0_291-b10
[20210714-15:14:53-837] INFO    Thread-20            o.e.j.s.session.DefaultSessionIdManager.doStart()      : DefaultSessionIdManager workerName=node0
[20210714-15:14:53-839] INFO    Thread-20            o.e.j.s.session.DefaultSessionIdManager.doStart()      : No SessionScavenger set, using defaults
[20210714-15:14:53-841] INFO    Thread-20            o.e.j.s.session.HouseKeeper.startScavenging()          : node0 Scavenging every 600000ms
[20210714-15:14:53-847] INFO    Thread-20            o.e.j.server.AbstractConnector.doStart()               : Started ServerConnector@50295755{HTTP/1.1,[http/1.1]}{0.0.0.0:55200}
[20210714-15:14:53-883] INFO    Thread-20            o.e.j.server.Server.doStart()                          : Started @159473ms
[20210714-15:15:44-548] INFO    kernelExecutor       o.o.s.b.dispatching.TransportOrderUtil.updateTransportOrderState(): Updating state of transport order 7bb0fd1c2ce74a7cb04a58109634f027 to ACTIVE...
[20210714-15:15:44-611] INFO    kernelExecutor       o.o.s.b.dispatching.TransportOrderUtil.updateTransportOrderState(): Updating state of transport order 7bb0fd1c2ce74a7cb04a58109634f027 to DISPATCHABLE...
[20210714-15:15:44-692] INFO    kernelExecutor       o.o.s.b.dispatching.TransportOrderUtil.updateTransportOrderState(): Updating state of transport order 7bb0fd1c2ce74a7cb04a58109634f027 to BEING_PROCESSED...
[20210714-15:15:44-721] INFO    kernelExecutor       o.o.s.b.dispatching.TransportOrderUtil.updateTransportOrderState(): Updating state of transport order 5aa7d23570f44264a91a3d372a5ca7ff to ACTIVE...
[20210714-15:15:44-725] INFO    kernelExecutor       o.o.s.b.dispatching.TransportOrderUtil.updateTransportOrderState(): Updating state of transport order 5aa7d23570f44264a91a3d372a5ca7ff to DISPATCHABLE...
[20210714-15:15:44-727] INFO    kernelExecutor       o.o.s.b.dispatching.TransportOrderUtil.updateTransportOrderState(): Updating state of transport order 5aa7d23570f44264a91a3d372a5ca7ff to BEING_PROCESSED...
[20210714-15:15:44-731] INFO    kernelExecutor       o.o.s.b.dispatching.TransportOrderUtil.updateTransportOrderState(): Updating state of transport order c600d0fe3f8a4c16bcefae9764da43a6 to ACTIVE...
[20210714-15:15:44-732] INFO    kernelExecutor       o.o.s.b.dispatching.TransportOrderUtil.updateTransportOrderState(): Updating state of transport order c600d0fe3f8a4c16bcefae9764da43a6 to DISPATCHABLE...
[20210714-15:15:44-734] INFO    kernelExecutor       o.o.s.b.dispatching.TransportOrderUtil.updateTransportOrderState(): Updating state of transport order c600d0fe3f8a4c16bcefae9764da43a6 to BEING_PROCESSED...
[20210714-15:15:44-761] INFO    kernelExecutor       o.o.s.b.dispatching.TransportOrderUtil.updateTransportOrderState(): Updating state of transport order 0b406fc8c0ba42b4bb7450765c7c8aeb to ACTIVE...
[20210714-15:15:44-762] INFO    kernelExecutor       o.o.s.b.dispatching.TransportOrderUtil.updateTransportOrderState(): Updating state of transport order 0b406fc8c0ba42b4bb7450765c7c8aeb to DISPATCHABLE...
[20210714-15:15:50-307] INFO    kernelExecutor       o.o.s.b.dispatching.TransportOrderUtil.updateTransportOrderState(): Updating state of transport order 7bb0fd1c2ce74a7cb04a58109634f027 to FINISHED...
[20210714-15:15:50-319] INFO    kernelExecutor       o.o.s.b.dispatching.TransportOrderUtil.updateTransportOrderState(): Updating state of transport order 0b406fc8c0ba42b4bb7450765c7c8aeb to BEING_PROCESSED...
[20210714-15:15:56-305] INFO    kernelExecutor       o.o.s.b.dispatching.TransportOrderUtil.updateTransportOrderState(): Updating state of transport order 5aa7d23570f44264a91a3d372a5ca7ff to FINISHED...
[20210714-15:15:58-323] INFO    kernelExecutor       o.o.s.b.dispatching.TransportOrderUtil.updateTransportOrderState(): Updating state of transport order 0b406fc8c0ba42b4bb7450765c7c8aeb to FINISHED...
[20210714-15:15:58-380] INFO    kernelExecutor       o.o.s.b.dispatching.TransportOrderUtil.updateTransportOrderState(): Updating state of transport order 67bdf4b1cd67448eb4f467b67b00885f to ACTIVE...
[20210714-15:15:58-380] INFO    kernelExecutor       o.o.s.b.dispatching.TransportOrderUtil.updateTransportOrderState(): Updating state of transport order 67bdf4b1cd67448eb4f467b67b00885f to DISPATCHABLE...
[20210714-15:15:58-382] INFO    kernelExecutor       o.o.s.b.dispatching.TransportOrderUtil.updateTransportOrderState(): Updating state of transport order 67bdf4b1cd67448eb4f467b67b00885f to BEING_PROCESSED...
[20210714-15:15:58-385] INFO    kernelExecutor       o.o.s.b.dispatching.TransportOrderUtil.updateTransportOrderState(): Updating state of transport order 2db1746bb1a1457792d4d7ab3f93a19b to ACTIVE...
[20210714-15:15:58-385] INFO    kernelExecutor       o.o.s.b.dispatching.TransportOrderUtil.updateTransportOrderState(): Updating state of transport order 2db1746bb1a1457792d4d7ab3f93a19b to DISPATCHABLE...
[20210714-15:15:58-387] INFO    kernelExecutor       o.o.s.b.dispatching.TransportOrderUtil.updateTransportOrderState(): Updating state of transport order 2db1746bb1a1457792d4d7ab3f93a19b to BEING_PROCESSED...
[20210714-15:16:00-390] INFO    kernelExecutor       o.o.s.b.dispatching.TransportOrderUtil.updateTransportOrderState(): Updating state of transport order 37e6f5d351484e8fb0d324cc334c0c9a to ACTIVE...
[20210714-15:16:00-391] INFO    kernelExecutor       o.o.s.b.dispatching.TransportOrderUtil.updateTransportOrderState(): Updating state of transport order 37e6f5d351484e8fb0d324cc334c0c9a to DISPATCHABLE...
[20210714-15:16:04-341] INFO    kernelExecutor       o.o.s.b.dispatching.TransportOrderUtil.updateTransportOrderState(): Updating state of transport order 67bdf4b1cd67448eb4f467b67b00885f to FINISHED...
[20210714-15:16:04-353] INFO    kernelExecutor       o.o.s.b.dispatching.TransportOrderUtil.updateTransportOrderState(): Updating state of transport order 37e6f5d351484e8fb0d324cc334c0c9a to BEING_PROCESSED...
[20210714-15:16:05-333] INFO    kernelExecutor       o.o.s.b.dispatching.TransportOrderUtil.updateTransportOrderState(): Updating state of transport order c600d0fe3f8a4c16bcefae9764da43a6 to FINISHED...
[20210714-15:16:10-344] INFO    kernelExecutor       o.o.s.b.dispatching.TransportOrderUtil.updateTransportOrderState(): Updating state of transport order 2db1746bb1a1457792d4d7ab3f93a19b to FINISHED...
[20210714-15:16:10-466] INFO    kernelExecutor       o.o.s.b.dispatching.TransportOrderUtil.updateTransportOrderState(): Updating state of transport order 76b7b6958634409397f4658e27c30802 to ACTIVE...
[20210714-15:16:10-466] INFO    kernelExecutor       o.o.s.b.dispatching.TransportOrderUtil.updateTransportOrderState(): Updating state of transport order 76b7b6958634409397f4658e27c30802 to DISPATCHABLE...
[20210714-15:16:10-467] INFO    kernelExecutor       o.o.s.b.dispatching.TransportOrderUtil.updateTransportOrderState(): Updating state of transport order 76b7b6958634409397f4658e27c30802 to BEING_PROCESSED...
[20210714-15:16:10-471] INFO    kernelExecutor       o.o.s.b.dispatching.TransportOrderUtil.updateTransportOrderState(): Updating state of transport order d2042463cdf843f29828f47c563959bd to ACTIVE...
[20210714-15:16:10-471] INFO    kernelExecutor       o.o.s.b.dispatching.TransportOrderUtil.updateTransportOrderState(): Updating state of transport order d2042463cdf843f29828f47c563959bd to DISPATCHABLE...
[20210714-15:16:10-473] INFO    kernelExecutor       o.o.s.b.dispatching.TransportOrderUtil.updateTransportOrderState(): Updating state of transport order d2042463cdf843f29828f47c563959bd to BEING_PROCESSED...
[20210714-15:16:15-359] INFO    kernelExecutor       o.o.s.b.dispatching.TransportOrderUtil.updateTransportOrderState(): Updating state of transport order 76b7b6958634409397f4658e27c30802 to FINISHED...
[20210714-15:16:28-366] INFO    kernelExecutor       o.o.s.b.dispatching.TransportOrderUtil.updateTransportOrderState(): Updating state of transport order d2042463cdf843f29828f47c563959bd to FINISHED...
[20210714-15:16:28-570] INFO    kernelExecutor       o.o.s.b.dispatching.TransportOrderUtil.updateTransportOrderState(): Updating state of transport order cbbc59aa80724bdd85b4bac20f568027 to ACTIVE...
[20210714-15:16:28-574] INFO    kernelExecutor       o.o.s.b.dispatching.TransportOrderUtil.updateTransportOrderState(): Updating state of transport order cbbc59aa80724bdd85b4bac20f568027 to DISPATCHABLE...
[20210714-15:16:28-575] INFO    kernelExecutor       o.o.s.b.dispatching.TransportOrderUtil.updateTransportOrderState(): Updating state of transport order cbbc59aa80724bdd85b4bac20f568027 to BEING_PROCESSED...
[20210714-15:16:40-411] INFO    kernelExecutor       o.o.s.b.dispatching.TransportOrderUtil.updateTransportOrderState(): Updating state of transport order 37e6f5d351484e8fb0d324cc334c0c9a to FINISHED...
[20210714-15:16:40-570] INFO    kernelExecutor       o.o.s.b.dispatching.TransportOrderUtil.updateTransportOrderState(): Updating state of transport order 611feecdb7eb42c7828855a474b35362 to ACTIVE...
[20210714-15:16:40-571] INFO    kernelExecutor       o.o.s.b.dispatching.TransportOrderUtil.updateTransportOrderState(): Updating state of transport order 611feecdb7eb42c7828855a474b35362 to DISPATCHABLE...
[20210714-15:16:40-572] INFO    kernelExecutor       o.o.s.b.dispatching.TransportOrderUtil.updateTransportOrderState(): Updating state of transport order 611feecdb7eb42c7828855a474b35362 to BEING_PROCESSED...
[20210714-15:16:40-578] INFO    kernelExecutor       o.o.s.b.dispatching.TransportOrderUtil.updateTransportOrderState(): Updating state of transport order b7e1f582b17c42fcb6f66352a237b209 to ACTIVE...
[20210714-15:16:40-579] INFO    kernelExecutor       o.o.s.b.dispatching.TransportOrderUtil.updateTransportOrderState(): Updating state of transport order b7e1f582b17c42fcb6f66352a237b209 to DISPATCHABLE...
[20210714-15:16:40-581] INFO    kernelExecutor       o.o.s.b.dispatching.TransportOrderUtil.updateTransportOrderState(): Updating state of transport order b7e1f582b17c42fcb6f66352a237b209 to BEING_PROCESSED...
[20210714-15:16:47-386] INFO    kernelExecutor       o.o.s.b.dispatching.TransportOrderUtil.updateTransportOrderState(): Updating state of transport order cbbc59aa80724bdd85b4bac20f568027 to FINISHED...
[20210714-15:17:03-449] INFO    kernelExecutor       o.o.s.b.dispatching.TransportOrderUtil.updateTransportOrderState(): Updating state of transport order 611feecdb7eb42c7828855a474b35362 to FINISHED...
[20210714-15:17:14-429] INFO    kernelExecutor       o.o.s.b.dispatching.TransportOrderUtil.updateTransportOrderState(): Updating state of transport order b7e1f582b17c42fcb6f66352a237b209 to FINISHED...
[20210714-15:17:14-755] INFO    kernelExecutor       o.o.s.b.dispatching.TransportOrderUtil.updateTransportOrderState(): Updating state of transport order a385694125d54e24a693325ea55ea838 to ACTIVE...
[20210714-15:17:14-756] INFO    kernelExecutor       o.o.s.b.dispatching.TransportOrderUtil.updateTransportOrderState(): Updating state of transport order a385694125d54e24a693325ea55ea838 to DISPATCHABLE...
[20210714-15:17:14-757] INFO    kernelExecutor       o.o.s.b.dispatching.TransportOrderUtil.updateTransportOrderState(): Updating state of transport order a385694125d54e24a693325ea55ea838 to BEING_PROCESSED...
[20210714-15:17:14-764] INFO    kernelExecutor       o.o.s.b.dispatching.TransportOrderUtil.updateTransportOrderState(): Updating state of transport order 0319b252d14542ecaaa9bb453307db1b to ACTIVE...
[20210714-15:17:14-764] INFO    kernelExecutor       o.o.s.b.dispatching.TransportOrderUtil.updateTransportOrderState(): Updating state of transport order 0319b252d14542ecaaa9bb453307db1b to DISPATCHABLE...
[20210714-15:17:14-766] INFO    kernelExecutor       o.o.s.b.dispatching.TransportOrderUtil.updateTransportOrderState(): Updating state of transport order 0319b252d14542ecaaa9bb453307db1b to BEING_PROCESSED...
[20210714-15:17:36-464] INFO    kernelExecutor       o.o.s.b.dispatching.TransportOrderUtil.updateTransportOrderState(): Updating state of transport order a385694125d54e24a693325ea55ea838 to FINISHED...
[20210714-15:17:44-443] INFO    kernelExecutor       o.o.s.b.dispatching.TransportOrderUtil.updateTransportOrderState(): Updating state of transport order 0319b252d14542ecaaa9bb453307db1b to FINISHED...
[20210714-15:17:44-945] INFO    kernelExecutor       o.o.s.b.dispatching.TransportOrderUtil.updateTransportOrderState(): Updating state of transport order 9bbb4f9822f3403288e6836c58eecd93 to ACTIVE...
[20210714-15:17:44-946] INFO    kernelExecutor       o.o.s.b.dispatching.TransportOrderUtil.updateTransportOrderState(): Updating state of transport order 9bbb4f9822f3403288e6836c58eecd93 to DISPATCHABLE...
[20210714-15:17:44-949] INFO    kernelExecutor       o.o.s.b.dispatching.TransportOrderUtil.updateTransportOrderState(): Updating state of transport order 9bbb4f9822f3403288e6836c58eecd93 to BEING_PROCESSED...
[20210714-15:18:04-481] INFO    kernelExecutor       o.o.s.b.dispatching.TransportOrderUtil.updateTransportOrderState(): Updating state of transport order 9bbb4f9822f3403288e6836c58eecd93 to FINISHED...
