[20210708-16:41:20-937] INFO    main                 o.o.util.Environment.logSystemInfo()                   : openTCS baseline version: 4.20.0-SNAPSHOT (build date: 2021-07-05 10:01:40), customization '-' version - (build date: -), Java: 1.8.0_291, Oracle Corporation; JVM: 25.291-b10, Oracle Corporation; OS: Linux, amd64
[20210708-16:41:21-026] INFO    main                 o.o.c.cfg4j.Cfg4jConfigurationBindingProvider.buildSource(): Using default configuration file /home/sage/OpenTCS-4.2/openTCS-4.20.0-src/openTCS-KernelControlCenter/build/install/openTCS-KernelControlCenter/./config/opentcs-kernelcontrolcenter-defaults-baseline.properties...
[20210708-16:41:21-038] WARNING main                 o.o.c.cfg4j.Cfg4jConfigurationBindingProvider.buildSource(): Supplementary configuration file /home/sage/OpenTCS-4.2/openTCS-4.20.0-src/openTCS-KernelControlCenter/build/install/openTCS-KernelControlCenter/./config/opentcs-kernelcontrolcenter-defaults-custom.properties not found, skipped.
[20210708-16:41:21-040] INFO    main                 o.o.c.cfg4j.Cfg4jConfigurationBindingProvider.buildSource(): Using overrides from supplementary configuration file /home/sage/OpenTCS-4.2/openTCS-4.20.0-src/openTCS-KernelControlCenter/build/install/openTCS-KernelControlCenter/./config/opentcs-kernelcontrolcenter.properties...
[20210708-16:41:21-044] INFO    main                 o.o.c.cfg4j.Cfg4jConfigurationBindingProvider.reloadInterval(): Using configuration reload interval of 10000 ms.
[20210708-16:41:21-046] INFO    main                 o.c.provider.ConfigurationProviderBuilder.build()      : Initializing ConfigurationProvider with org.opentcs.configuration.cfg4j.CachedConfigurationSource source, org.opentcs.configuration.cfg4j.PeriodicalReloadStrategy reload strategy and org.cfg4j.source.context.environment.DefaultEnvironment environment
[20210708-16:41:21-067] INFO    main                 o.o.kernelcontrolcenter.RunKernelControlCenter.findRegisteredModules(): Integrating injection module org.opentcs.kernelcontrolcenter.DefaultKernelControlCenterExtensionsModule
[20210708-16:41:21-068] INFO    main                 o.o.kernelcontrolcenter.RunKernelControlCenter.findRegisteredModules(): Integrating injection module org.opentcs.kernelcontrolcenter.LoopbackCommAdapterPanelsModule
[20210708-16:41:21-515] WARNING main                 o.o.kernelcontrolcenter.DefaultKernelControlCenterInjectionModule.configureSocketConnections(): SSL encryption disabled, connections will not be secured!
[20210708-16:41:22-260] INFO    main                 o.o.kernelcontrolcenter.KernelControlCenterApplication.online(): Switching application state to online...
[20210709-09:04:38-200] INFO    main                 o.o.util.Environment.logSystemInfo()                   : openTCS baseline version: 4.20.0-SNAPSHOT (build date: 2021-07-05 10:01:40), customization '-' version - (build date: -), Java: 1.8.0_291, Oracle Corporation; JVM: 25.291-b10, Oracle Corporation; OS: Linux, amd64
[20210709-09:04:38-318] INFO    main                 o.o.c.cfg4j.Cfg4jConfigurationBindingProvider.buildSource(): Using default configuration file /home/sage/OpenTCS-4.2/openTCS-4.20.0-src/openTCS-KernelControlCenter/build/install/openTCS-KernelControlCenter/./config/opentcs-kernelcontrolcenter-defaults-baseline.properties...
[20210709-09:04:38-331] WARNING main                 o.o.c.cfg4j.Cfg4jConfigurationBindingProvider.buildSource(): Supplementary configuration file /home/sage/OpenTCS-4.2/openTCS-4.20.0-src/openTCS-KernelControlCenter/build/install/openTCS-KernelControlCenter/./config/opentcs-kernelcontrolcenter-defaults-custom.properties not found, skipped.
[20210709-09:04:38-333] INFO    main                 o.o.c.cfg4j.Cfg4jConfigurationBindingProvider.buildSource(): Using overrides from supplementary configuration file /home/sage/OpenTCS-4.2/openTCS-4.20.0-src/openTCS-KernelControlCenter/build/install/openTCS-KernelControlCenter/./config/opentcs-kernelcontrolcenter.properties...
[20210709-09:04:38-338] INFO    main                 o.o.c.cfg4j.Cfg4jConfigurationBindingProvider.reloadInterval(): Using configuration reload interval of 10000 ms.
[20210709-09:04:38-340] INFO    main                 o.c.provider.ConfigurationProviderBuilder.build()      : Initializing ConfigurationProvider with org.opentcs.configuration.cfg4j.CachedConfigurationSource source, org.opentcs.configuration.cfg4j.PeriodicalReloadStrategy reload strategy and org.cfg4j.source.context.environment.DefaultEnvironment environment
[20210709-09:04:38-404] INFO    main                 o.o.kernelcontrolcenter.RunKernelControlCenter.findRegisteredModules(): Integrating injection module org.opentcs.kernelcontrolcenter.DefaultKernelControlCenterExtensionsModule
[20210709-09:04:38-420] INFO    main                 o.o.kernelcontrolcenter.RunKernelControlCenter.findRegisteredModules(): Integrating injection module org.opentcs.kernelcontrolcenter.LoopbackCommAdapterPanelsModule
[20210709-09:04:42-021] WARNING main                 o.o.kernelcontrolcenter.DefaultKernelControlCenterInjectionModule.configureSocketConnections(): SSL encryption disabled, connections will not be secured!
[20210709-09:04:44-555] INFO    main                 o.o.kernelcontrolcenter.KernelControlCenterApplication.online(): Switching application state to online...
[20210712-09:12:53-044] INFO    main                 o.o.util.Environment.logSystemInfo()                   : openTCS baseline version: 4.20.0-SNAPSHOT (build date: 2021-07-05 10:01:40), customization '-' version - (build date: -), Java: 1.8.0_291, Oracle Corporation; JVM: 25.291-b10, Oracle Corporation; OS: Linux, amd64
[20210712-09:12:53-128] INFO    main                 o.o.c.cfg4j.Cfg4jConfigurationBindingProvider.buildSource(): Using default configuration file /home/sage/OpenTCS-4.2/openTCS-4.20.0-src/openTCS-KernelControlCenter/build/install/openTCS-KernelControlCenter/./config/opentcs-kernelcontrolcenter-defaults-baseline.properties...
[20210712-09:12:53-137] WARNING main                 o.o.c.cfg4j.Cfg4jConfigurationBindingProvider.buildSource(): Supplementary configuration file /home/sage/OpenTCS-4.2/openTCS-4.20.0-src/openTCS-KernelControlCenter/build/install/openTCS-KernelControlCenter/./config/opentcs-kernelcontrolcenter-defaults-custom.properties not found, skipped.
[20210712-09:12:53-138] INFO    main                 o.o.c.cfg4j.Cfg4jConfigurationBindingProvider.buildSource(): Using overrides from supplementary configuration file /home/sage/OpenTCS-4.2/openTCS-4.20.0-src/openTCS-KernelControlCenter/build/install/openTCS-KernelControlCenter/./config/opentcs-kernelcontrolcenter.properties...
[20210712-09:12:53-144] INFO    main                 o.o.c.cfg4j.Cfg4jConfigurationBindingProvider.reloadInterval(): Using configuration reload interval of 10000 ms.
[20210712-09:12:53-146] INFO    main                 o.c.provider.ConfigurationProviderBuilder.build()      : Initializing ConfigurationProvider with org.opentcs.configuration.cfg4j.CachedConfigurationSource source, org.opentcs.configuration.cfg4j.PeriodicalReloadStrategy reload strategy and org.cfg4j.source.context.environment.DefaultEnvironment environment
[20210712-09:12:53-189] INFO    main                 o.o.kernelcontrolcenter.RunKernelControlCenter.findRegisteredModules(): Integrating injection module org.opentcs.kernelcontrolcenter.DefaultKernelControlCenterExtensionsModule
[20210712-09:12:53-198] INFO    main                 o.o.kernelcontrolcenter.RunKernelControlCenter.findRegisteredModules(): Integrating injection module org.opentcs.kernelcontrolcenter.LoopbackCommAdapterPanelsModule
[20210712-09:12:55-056] WARNING main                 o.o.kernelcontrolcenter.DefaultKernelControlCenterInjectionModule.configureSocketConnections(): SSL encryption disabled, connections will not be secured!
[20210712-09:12:57-527] INFO    main                 o.o.kernelcontrolcenter.KernelControlCenterApplication.online(): Switching application state to online...
